-------------------------------------------------------------------------------
Test set: com.coursesstore.admin.adapters.http.customer.get.GetCustomerControllerTest
-------------------------------------------------------------------------------
Tests run: 1, Failures: 1, Errors: 0, Skipped: 0, Time elapsed: 2.983 s <<< FAILURE! - in com.coursesstore.admin.adapters.http.customer.get.GetCustomerControllerTest
Given_a_valid_Request_to_get_a_Customer_When_its_requested_for_a_Customer_Then_response_with_the_expected_Customer  Time elapsed: 0.318 s  <<< FAILURE!
java.lang.AssertionError: No value at JSON path "$.idCustomer"
	at com.coursesstore.admin.adapters.http.customer.get.GetCustomerControllerTest.Given_a_valid_Request_to_get_a_Customer_When_its_requested_for_a_Customer_Then_response_with_the_expected_Customer(GetCustomerControllerTest.java:52)
Caused by: com.jayway.jsonpath.PathNotFoundException: No results for path: $['idCustomer']
	at com.coursesstore.admin.adapters.http.customer.get.GetCustomerControllerTest.Given_a_valid_Request_to_get_a_Customer_When_its_requested_for_a_Customer_Then_response_with_the_expected_Customer(GetCustomerControllerTest.java:52)

