-------------------------------------------------------------------------------
Test set: com.coursesstore.admin.adapters.database.course.desired.UpdateDesiredCourseTest
-------------------------------------------------------------------------------
Tests run: 1, Failures: 0, Errors: 1, Skipped: 0, Time elapsed: 0.064 s <<< FAILURE! - in com.coursesstore.admin.adapters.database.course.desired.UpdateDesiredCourseTest
Given_a_valid_DesiredCourse_stored_in_the_database_When_its_requested_to_update_the_DesiredCourse_Then_it_should_be_done_successfully  Time elapsed: 0.031 s  <<< ERROR!
org.springframework.dao.InvalidDataAccessResourceUsageException: could not prepare statement; SQL [SELECT * FROM TB_DESIRED_COURSE WHERE id_desired_course = ?]; nested exception is org.hibernate.exception.SQLGrammarException: could not prepare statement
	at com.coursesstore.admin.adapters.database.course.desired.UpdateDesiredCourseTest.Given_a_valid_DesiredCourse_stored_in_the_database_When_its_requested_to_update_the_DesiredCourse_Then_it_should_be_done_successfully(UpdateDesiredCourseTest.java:68)
Caused by: org.hibernate.exception.SQLGrammarException: could not prepare statement
	at com.coursesstore.admin.adapters.database.course.desired.UpdateDesiredCourseTest.Given_a_valid_DesiredCourse_stored_in_the_database_When_its_requested_to_update_the_DesiredCourse_Then_it_should_be_done_successfully(UpdateDesiredCourseTest.java:68)
Caused by: org.h2.jdbc.JdbcSQLSyntaxErrorException: 
Column "ID_DESIRED_COURSE" not found; SQL statement:
SELECT * FROM TB_DESIRED_COURSE WHERE id_desired_course = ? [42122-200]
	at com.coursesstore.admin.adapters.database.course.desired.UpdateDesiredCourseTest.Given_a_valid_DesiredCourse_stored_in_the_database_When_its_requested_to_update_the_DesiredCourse_Then_it_should_be_done_successfully(UpdateDesiredCourseTest.java:68)

