<?xml version="1.0" encoding="UTF-8"?>
<testsuite xmlns:xsi="http://www.w3.org/2001/XMLSchema-instance" xsi:noNamespaceSchemaLocation="https://maven.apache.org/surefire/maven-surefire-plugin/xsd/surefire-test-report.xsd" name="com.coursesstore.admin.adapters.database.course.desired.UpdateDesiredCourseTest" time="0.064" tests="1" errors="1" skipped="0" failures="0">
  <properties>
[...]
</properties>
  <testcase name="Given_a_valid_DesiredCourse_stored_in_the_database_When_its_requested_to_update_the_DesiredCourse_Then_it_should_be_done_successfully" classname="com.coursesstore.admin.adapters.database.course.desired.UpdateDesiredCourseTest" time="0.031">
    <error message="could not prepare statement; SQL [SELECT * FROM TB_DESIRED_COURSE WHERE id_desired_course = ?]; nested exception is org.hibernate.exception.SQLGrammarException: could not prepare statement" type="org.springframework.dao.InvalidDataAccessResourceUsageException">org.springframework.dao.InvalidDataAccessResourceUsageException: could not prepare statement; SQL [SELECT * FROM TB_DESIRED_COURSE WHERE id_desired_course = ?]; nested exception is org.hibernate.exception.SQLGrammarException: could not prepare statement
	at com.coursesstore.admin.adapters.database.course.desired.UpdateDesiredCourseTest.Given_a_valid_DesiredCourse_stored_in_the_database_When_its_requested_to_update_the_DesiredCourse_Then_it_should_be_done_successfully(UpdateDesiredCourseTest.java:68)
Caused by: org.hibernate.exception.SQLGrammarException: could not prepare statement
	at com.coursesstore.admin.adapters.database.course.desired.UpdateDesiredCourseTest.Given_a_valid_DesiredCourse_stored_in_the_database_When_its_requested_to_update_the_DesiredCourse_Then_it_should_be_done_successfully(UpdateDesiredCourseTest.java:68)
Caused by: org.h2.jdbc.JdbcSQLSyntaxErrorException: 
Column "ID_DESIRED_COURSE" not found; SQL statement:
SELECT * FROM TB_DESIRED_COURSE WHERE id_desired_course = ? [42122-200]
	at com.coursesstore.admin.adapters.database.course.desired.UpdateDesiredCourseTest.Given_a_valid_DesiredCourse_stored_in_the_database_When_its_requested_to_update_the_DesiredCourse_Then_it_should_be_done_successfully(UpdateDesiredCourseTest.java:68)
</error>
    <system-out><![CDATA[2021-04-21 12:40:56.260  INFO 17492 --- [           main] .b.t.c.SpringBootTestContextBootstrapper : Neither @ContextConfiguration nor @ContextHierarchy found for test class [com.coursesstore.admin.adapters.database.course.desired.UpdateDesiredCourseTest], using SpringBootContextLoader
2021-04-21 12:40:56.261  INFO 17492 --- [           main] o.s.t.c.support.AbstractContextLoader    : Could not detect default resource locations for test class [com.coursesstore.admin.adapters.database.course.desired.UpdateDesiredCourseTest]: no resource found for suffixes {-context.xml, Context.groovy}.
2021-04-21 12:40:56.262  INFO 17492 --- [           main] t.c.s.AnnotationConfigContextLoaderUtils : Could not detect default configuration classes for test class [com.coursesstore.admin.adapters.database.course.desired.UpdateDesiredCourseTest]: UpdateDesiredCourseTest does not declare any static, non-private, non-final, nested classes annotated with @Configuration.
2021-04-21 12:40:56.265  INFO 17492 --- [           main] .b.t.c.SpringBootTestContextBootstrapper : Found @SpringBootConfiguration com.coursesstore.admin.Application for test class com.coursesstore.admin.adapters.database.course.desired.UpdateDesiredCourseTest
2021-04-21 12:40:56.267  INFO 17492 --- [           main] .b.t.c.SpringBootTestContextBootstrapper : Loaded default TestExecutionListener class names from location [META-INF/spring.factories]: [org.springframework.boot.test.mock.mockito.MockitoTestExecutionListener, org.springframework.boot.test.mock.mockito.ResetMocksTestExecutionListener, org.springframework.boot.test.autoconfigure.restdocs.RestDocsTestExecutionListener, org.springframework.boot.test.autoconfigure.web.client.MockRestServiceServerResetTestExecutionListener, org.springframework.boot.test.autoconfigure.web.servlet.MockMvcPrintOnlyOnFailureTestExecutionListener, org.springframework.boot.test.autoconfigure.web.servlet.WebDriverTestExecutionListener, org.springframework.boot.test.autoconfigure.webservices.client.MockWebServiceServerTestExecutionListener, org.springframework.test.context.web.ServletTestExecutionListener, org.springframework.test.context.support.DirtiesContextBeforeModesTestExecutionListener, org.springframework.test.context.support.DependencyInjectionTestExecutionListener, org.springframework.test.context.support.DirtiesContextTestExecutionListener, org.springframework.test.context.transaction.TransactionalTestExecutionListener, org.springframework.test.context.jdbc.SqlScriptsTestExecutionListener, org.springframework.test.context.event.EventPublishingTestExecutionListener]
2021-04-21 12:40:56.269  INFO 17492 --- [           main] .b.t.c.SpringBootTestContextBootstrapper : Using TestExecutionListeners: [org.springframework.test.context.web.ServletTestExecutionListener@1c14d24d, org.springframework.test.context.support.DirtiesContextBeforeModesTestExecutionListener@28515443, org.springframework.boot.test.mock.mockito.MockitoTestExecutionListener@2eea4441, org.springframework.boot.test.autoconfigure.SpringBootDependencyInjectionTestExecutionListener@1820f274, org.springframework.test.context.support.DirtiesContextTestExecutionListener@221cdd87, org.springframework.test.context.transaction.TransactionalTestExecutionListener@4d66cb, org.springframework.test.context.jdbc.SqlScriptsTestExecutionListener@7c79f2cf, org.springframework.test.context.event.EventPublishingTestExecutionListener@63551c66, org.springframework.boot.test.mock.mockito.ResetMocksTestExecutionListener@2761156e, org.springframework.boot.test.autoconfigure.restdocs.RestDocsTestExecutionListener@4cf15477, org.springframework.boot.test.autoconfigure.web.client.MockRestServiceServerResetTestExecutionListener@7fad28ac, org.springframework.boot.test.autoconfigure.web.servlet.MockMvcPrintOnlyOnFailureTestExecutionListener@3450bd13, org.springframework.boot.test.autoconfigure.web.servlet.WebDriverTestExecutionListener@1bb51492, org.springframework.boot.test.autoconfigure.webservices.client.MockWebServiceServerTestExecutionListener@5da1a97f]
Hibernate: select teachermod0_.id_teacher as id_teach1_4_0_, teachermod0_.name as name2_4_0_ from tb_teacher teachermod0_ where teachermod0_.id_teacher=?
Hibernate: insert into tb_teacher (name, id_teacher) values (?, ?)
Hibernate: select coursemode0_.id_course as id_cours1_1_0_, coursemode0_.name as name2_1_0_, coursemode0_.original_value as original3_1_0_, coursemode0_.teacher_responsible_id_teacher as teacher_4_1_0_ from tb_course coursemode0_ where coursemode0_.id_course=?
Hibernate: select teachermod0_.id_teacher as id_teach1_4_0_, teachermod0_.name as name2_4_0_ from tb_teacher teachermod0_ where teachermod0_.id_teacher=?
Hibernate: insert into tb_course (name, original_value, teacher_responsible_id_teacher, id_course) values (?, ?, ?, ?)
Hibernate: select customermo0_.id_customer as id_custo1_2_0_, customermo0_.company as company2_2_0_, customermo0_.email as email3_2_0_, customermo0_.firstname as firstnam4_2_0_, customermo0_.lastname as lastname5_2_0_, customermo0_.linked_in as linked_i6_2_0_, customermo0_.phone as phone7_2_0_, customermo0_.position as position8_2_0_ from tb_customer customermo0_ where customermo0_.id_customer=?
Hibernate: insert into tb_customer (company, email, firstname, lastname, linked_in, phone, position, id_customer) values (?, ?, ?, ?, ?, ?, ?, ?)
Hibernate: select desiredcou0_.course_id as course_i1_3_0_, desiredcou0_.customer_id as customer2_3_0_, desiredcou0_.desire_date as desire_d3_3_0_, desiredcou0_.desire_description as desire_d4_3_0_ from tb_desired_course desiredcou0_ where desiredcou0_.course_id=? and desiredcou0_.customer_id=?
Hibernate: select coursemode0_.id_course as id_cours1_1_0_, coursemode0_.name as name2_1_0_, coursemode0_.original_value as original3_1_0_, coursemode0_.teacher_responsible_id_teacher as teacher_4_1_0_, teachermod1_.id_teacher as id_teach1_4_1_, teachermod1_.name as name2_4_1_ from tb_course coursemode0_ left outer join tb_teacher teachermod1_ on coursemode0_.teacher_responsible_id_teacher=teachermod1_.id_teacher where coursemode0_.id_course=?
Hibernate: select customermo0_.id_customer as id_custo1_2_0_, customermo0_.company as company2_2_0_, customermo0_.email as email3_2_0_, customermo0_.firstname as firstnam4_2_0_, customermo0_.lastname as lastname5_2_0_, customermo0_.linked_in as linked_i6_2_0_, customermo0_.phone as phone7_2_0_, customermo0_.position as position8_2_0_ from tb_customer customermo0_ where customermo0_.id_customer=?
Hibernate: insert into tb_desired_course (desire_date, desire_description, course_id, customer_id) values (?, ?, ?, ?)
Hibernate: SELECT * FROM TB_DESIRED_COURSE WHERE id_desired_course = ?
2021-04-21 12:40:56.316  WARN 17492 --- [           main] o.h.engine.jdbc.spi.SqlExceptionHelper   : SQL Error: 42122, SQLState: 42S22
2021-04-21 12:40:56.317 ERROR 17492 --- [           main] o.h.engine.jdbc.spi.SqlExceptionHelper   : Column "ID_DESIRED_COURSE" not found; SQL statement:
SELECT * FROM TB_DESIRED_COURSE WHERE id_desired_course = ? [42122-200]
]]></system-out>
  </testcase>
</testsuite>