<?xml version="1.0" encoding="UTF-8"?>
<testsuite xmlns:xsi="http://www.w3.org/2001/XMLSchema-instance" xsi:noNamespaceSchemaLocation="https://maven.apache.org/surefire/maven-surefire-plugin/xsd/surefire-test-report.xsd" name="com.coursesstore.admin.adapters.http.customer.get.GetCustomerControllerTest" time="2.983" tests="1" errors="0" skipped="0" failures="1">
  <properties>
[...]
</properties>
  <testcase name="Given_a_valid_Request_to_get_a_Customer_When_its_requested_for_a_Customer_Then_response_with_the_expected_Customer" classname="com.coursesstore.admin.adapters.http.customer.get.GetCustomerControllerTest" time="0.318">
    <failure message="No value at JSON path &quot;$.idCustomer&quot;" type="java.lang.AssertionError">java.lang.AssertionError: No value at JSON path "$.idCustomer"
	at com.coursesstore.admin.adapters.http.customer.get.GetCustomerControllerTest.Given_a_valid_Request_to_get_a_Customer_When_its_requested_for_a_Customer_Then_response_with_the_expected_Customer(GetCustomerControllerTest.java:52)
Caused by: com.jayway.jsonpath.PathNotFoundException: No results for path: $['idCustomer']
	at com.coursesstore.admin.adapters.http.customer.get.GetCustomerControllerTest.Given_a_valid_Request_to_get_a_Customer_When_its_requested_for_a_Customer_Then_response_with_the_expected_Customer(GetCustomerControllerTest.java:52)
</failure>
    <system-out><![CDATA[2021-03-30 17:01:18.075  INFO 19664 --- [           main] .b.t.c.SpringBootTestContextBootstrapper : Neither @ContextConfiguration nor @ContextHierarchy found for test class [com.coursesstore.admin.adapters.http.customer.get.GetCustomerControllerTest], using SpringBootContextLoader
2021-03-30 17:01:18.076  INFO 19664 --- [           main] o.s.t.c.support.AbstractContextLoader    : Could not detect default resource locations for test class [com.coursesstore.admin.adapters.http.customer.get.GetCustomerControllerTest]: no resource found for suffixes {-context.xml, Context.groovy}.
2021-03-30 17:01:18.077  INFO 19664 --- [           main] t.c.s.AnnotationConfigContextLoaderUtils : Could not detect default configuration classes for test class [com.coursesstore.admin.adapters.http.customer.get.GetCustomerControllerTest]: GetCustomerControllerTest does not declare any static, non-private, non-final, nested classes annotated with @Configuration.
2021-03-30 17:01:18.100  INFO 19664 --- [           main] .b.t.c.SpringBootTestContextBootstrapper : Found @SpringBootConfiguration com.coursesstore.admin.Application for test class com.coursesstore.admin.adapters.http.customer.get.GetCustomerControllerTest
2021-03-30 17:01:18.102  INFO 19664 --- [           main] .b.t.c.SpringBootTestContextBootstrapper : Loaded default TestExecutionListener class names from location [META-INF/spring.factories]: [org.springframework.boot.test.mock.mockito.MockitoTestExecutionListener, org.springframework.boot.test.mock.mockito.ResetMocksTestExecutionListener, org.springframework.boot.test.autoconfigure.restdocs.RestDocsTestExecutionListener, org.springframework.boot.test.autoconfigure.web.client.MockRestServiceServerResetTestExecutionListener, org.springframework.boot.test.autoconfigure.web.servlet.MockMvcPrintOnlyOnFailureTestExecutionListener, org.springframework.boot.test.autoconfigure.web.servlet.WebDriverTestExecutionListener, org.springframework.boot.test.autoconfigure.webservices.client.MockWebServiceServerTestExecutionListener, org.springframework.test.context.web.ServletTestExecutionListener, org.springframework.test.context.support.DirtiesContextBeforeModesTestExecutionListener, org.springframework.test.context.support.DependencyInjectionTestExecutionListener, org.springframework.test.context.support.DirtiesContextTestExecutionListener, org.springframework.test.context.transaction.TransactionalTestExecutionListener, org.springframework.test.context.jdbc.SqlScriptsTestExecutionListener, org.springframework.test.context.event.EventPublishingTestExecutionListener]
2021-03-30 17:01:18.102  INFO 19664 --- [           main] .b.t.c.SpringBootTestContextBootstrapper : Using TestExecutionListeners: [org.springframework.test.context.web.ServletTestExecutionListener@601ca994, org.springframework.test.context.support.DirtiesContextBeforeModesTestExecutionListener@1acd2a14, org.springframework.boot.test.mock.mockito.MockitoTestExecutionListener@5432be12, org.springframework.boot.test.autoconfigure.SpringBootDependencyInjectionTestExecutionListener@2ee5fe1e, org.springframework.test.context.support.DirtiesContextTestExecutionListener@2b30b25f, org.springframework.test.context.transaction.TransactionalTestExecutionListener@58dea0a7, org.springframework.test.context.jdbc.SqlScriptsTestExecutionListener@195d4780, org.springframework.test.context.event.EventPublishingTestExecutionListener@18c95fbb, org.springframework.boot.test.mock.mockito.ResetMocksTestExecutionListener@36c5a4b7, org.springframework.boot.test.autoconfigure.restdocs.RestDocsTestExecutionListener@1bb3e150, org.springframework.boot.test.autoconfigure.web.client.MockRestServiceServerResetTestExecutionListener@6821d4e1, org.springframework.boot.test.autoconfigure.web.servlet.MockMvcPrintOnlyOnFailureTestExecutionListener@3ac76ad9, org.springframework.boot.test.autoconfigure.web.servlet.WebDriverTestExecutionListener@213c812a, org.springframework.boot.test.autoconfigure.webservices.client.MockWebServiceServerTestExecutionListener@25814d3c]

  .   ____          _            __ _ _
 /\\ / ___'_ __ _ _(_)_ __  __ _ \ \ \ \
( ( )\___ | '_ | '_| | '_ \/ _` | \ \ \ \
 \\/  ___)| |_)| | | | | || (_| |  ) ) ) )
  '  |____| .__|_| |_|_| |_\__, | / / / /
 =========|_|==============|___/=/_/_/_/
 :: Spring Boot ::        (v2.3.4.RELEASE)

2021-03-30 17:01:18.209  INFO 19664 --- [           main] c.c.a.a.h.c.g.GetCustomerControllerTest  : Starting GetCustomerControllerTest on DESKTOP-GUVU8R0 with PID 19664 (started by Henrique in C:\Users\Henrique\Downloads\Courses-admin\online-courses-admin\src\Online-Courses-Store-Admin\api-courses-store-admin)
2021-03-30 17:01:18.211  INFO 19664 --- [           main] c.c.a.a.h.c.g.GetCustomerControllerTest  : The following profiles are active: test
2021-03-30 17:01:18.838  INFO 19664 --- [           main] .s.d.r.c.RepositoryConfigurationDelegate : Bootstrapping Spring Data JPA repositories in DEFERRED mode.
2021-03-30 17:01:19.054  INFO 19664 --- [           main] .s.d.r.c.RepositoryConfigurationDelegate : Finished Spring Data repository scanning in 215ms. Found 5 JPA repository interfaces.
2021-03-30 17:01:19.340  INFO 19664 --- [           main] o.s.b.w.embedded.tomcat.TomcatWebServer  : Tomcat initialized with port(s): 8102 (http)
2021-03-30 17:01:19.340  INFO 19664 --- [           main] o.apache.catalina.core.StandardService   : Starting service [Tomcat]
2021-03-30 17:01:19.341  INFO 19664 --- [           main] org.apache.catalina.core.StandardEngine  : Starting Servlet engine: [Apache Tomcat/9.0.38]
2021-03-30 17:01:19.396  INFO 19664 --- [           main] o.a.c.c.C.[Tomcat-4].[localhost].[/]     : Initializing Spring embedded WebApplicationContext
2021-03-30 17:01:19.397  INFO 19664 --- [           main] w.s.c.ServletWebServerApplicationContext : Root WebApplicationContext: initialization completed in 1181 ms
2021-03-30 17:01:19.470  INFO 19664 --- [           main] com.zaxxer.hikari.HikariDataSource       : HikariPool-5 - Starting...
2021-03-30 17:01:19.473  INFO 19664 --- [           main] com.zaxxer.hikari.HikariDataSource       : HikariPool-5 - Start completed.
2021-03-30 17:01:19.474  INFO 19664 --- [           main] o.s.b.a.h2.H2ConsoleAutoConfiguration    : H2 console available at '/h2-console'. Database available at 'jdbc:h2:file:./db/testdb3'
2021-03-30 17:01:19.617  INFO 19664 --- [           main] o.s.s.concurrent.ThreadPoolTaskExecutor  : Initializing ExecutorService 'applicationTaskExecutor'
2021-03-30 17:01:19.760  INFO 19664 --- [         task-1] o.hibernate.jpa.internal.util.LogHelper  : HHH000204: Processing PersistenceUnitInfo [name: default]
2021-03-30 17:01:19.775  INFO 19664 --- [         task-1] org.hibernate.dialect.Dialect            : HHH000400: Using dialect: org.hibernate.dialect.H2Dialect
Hibernate: drop table if exists tb_acquired_course CASCADE 
Hibernate: drop table if exists tb_course CASCADE 
Hibernate: drop table if exists tb_customer CASCADE 
Hibernate: drop table if exists tb_desired_course CASCADE 
Hibernate: drop table if exists tb_teacher CASCADE 
Hibernate: create table tb_acquired_course (id_acquired_course varchar(255) not null, acquisition_date date, value_paid decimal(19,2), course_id_course varchar(255), customer_id_customer varchar(255), primary key (id_acquired_course))
Hibernate: create table tb_course (id_course varchar(255) not null, name varchar(255), original_value decimal(19,2), teacher_responsible_id_teacher varchar(255), primary key (id_course))
Hibernate: create table tb_customer (id_customer varchar(255) not null, company varchar(255), email varchar(255), firstname varchar(255), lastname varchar(255), linked_in varchar(255), phone varchar(255), position varchar(255), primary key (id_customer))
Hibernate: create table tb_desired_course (id_desired_course varchar(255) not null, desire_date date, desire_description varchar(255), course_id_course varchar(255), customer_id_customer varchar(255), primary key (id_desired_course))
Hibernate: create table tb_teacher (id_teacher varchar(255) not null, name varchar(255), primary key (id_teacher))
Hibernate: alter table tb_acquired_course add constraint FKr4j3vc0xukanonoed9hymibvg foreign key (course_id_course) references tb_course
Hibernate: alter table tb_acquired_course add constraint FKg51dtokcpi28nhm7t21vahgn0 foreign key (customer_id_customer) references tb_customer
Hibernate: alter table tb_course add constraint FK5dp85c5gnp4xuqufk4xgrhbo5 foreign key (teacher_responsible_id_teacher) references tb_teacher
Hibernate: alter table tb_desired_course add constraint FKalmy09s051nc0egrg1d94mchf foreign key (course_id_course) references tb_course
Hibernate: alter table tb_desired_course add constraint FKod25ksy9ne376id2258hp42yb foreign key (customer_id_customer) references tb_customer
2021-03-30 17:01:19.960  INFO 19664 --- [         task-1] o.h.e.t.j.p.i.JtaPlatformInitiator       : HHH000490: Using JtaPlatform implementation: [org.hibernate.engine.transaction.jta.platform.internal.NoJtaPlatform]
2021-03-30 17:01:19.960  INFO 19664 --- [         task-1] j.LocalContainerEntityManagerFactoryBean : Initialized JPA EntityManagerFactory for persistence unit 'default'
2021-03-30 17:01:20.022  WARN 19664 --- [           main] JpaBaseConfiguration$JpaWebConfiguration : spring.jpa.open-in-view is enabled by default. Therefore, database queries may be performed during view rendering. Explicitly configure spring.jpa.open-in-view to disable this warning
2021-03-30 17:01:20.611  INFO 19664 --- [           main] o.a.c.c.C.[Tomcat-4].[localhost].[/]     : Initializing Spring TestDispatcherServlet ''
2021-03-30 17:01:20.611  INFO 19664 --- [           main] o.s.t.web.servlet.TestDispatcherServlet  : Initializing Servlet ''
2021-03-30 17:01:20.627  INFO 19664 --- [           main] o.s.t.web.servlet.TestDispatcherServlet  : Completed initialization in 15 ms
2021-03-30 17:01:20.659  INFO 19664 --- [           main] o.s.b.w.embedded.tomcat.TomcatWebServer  : Tomcat started on port(s): 8102 (http) with context path ''
2021-03-30 17:01:20.661  INFO 19664 --- [           main] DeferredRepositoryInitializationListener : Triggering deferred initialization of Spring Data repositories…
2021-03-30 17:01:20.794  INFO 19664 --- [           main] DeferredRepositoryInitializationListener : Spring Data repositories initialized!
2021-03-30 17:01:20.801  INFO 19664 --- [           main] c.c.a.a.h.c.g.GetCustomerControllerTest  : Started GetCustomerControllerTest in 2.696 seconds (JVM running for 40.132)
Hibernate: select customermo0_.id_customer as id_custo1_2_0_, customermo0_.company as company2_2_0_, customermo0_.email as email3_2_0_, customermo0_.firstname as firstnam4_2_0_, customermo0_.lastname as lastname5_2_0_, customermo0_.linked_in as linked_i6_2_0_, customermo0_.phone as phone7_2_0_, customermo0_.position as position8_2_0_ from tb_customer customermo0_ where customermo0_.id_customer=?
Hibernate: insert into tb_customer (company, email, firstname, lastname, linked_in, phone, position, id_customer) values (?, ?, ?, ?, ?, ?, ?, ?)
Hibernate: select customermo0_.id_customer as id_custo1_2_, customermo0_.company as company2_2_, customermo0_.email as email3_2_, customermo0_.firstname as firstnam4_2_, customermo0_.lastname as lastname5_2_, customermo0_.linked_in as linked_i6_2_, customermo0_.phone as phone7_2_, customermo0_.position as position8_2_ from tb_customer customermo0_

MockHttpServletRequest:
      HTTP Method = GET
      Request URI = /courses-store/customer/search
       Parameters = {}
          Headers = [Accept:"application/json"]
             Body = null
    Session Attrs = {}

Handler:
             Type = com.coursesstore.admin.adapters.http.customer.get.GetCustomerController
           Method = com.coursesstore.admin.adapters.http.customer.get.GetCustomerController#getCustomer()

Async:
    Async started = false
     Async result = null

Resolved Exception:
             Type = null

ModelAndView:
        View name = null
             View = null
            Model = null

FlashMap:
       Attributes = null

MockHttpServletResponse:
           Status = 200
    Error message = null
          Headers = [Content-Type:"application/json"]
     Content type = application/json
             Body = {"customers":[{"idCustomer":"eb847f8f-d2f1-43f6-8b71-b8265f9c8585","firstname":"Dina","lastname":"Laster","phone":"+55 11 99999-9999","email":"email_test@testdomain.com","linkedIn":"linkedIn.com/DinaLaster","company":"Robots with Love","position":"CEO"}]}
    Forwarded URL = null
   Redirected URL = null
          Cookies = []
]]></system-out>
    <system-err><![CDATA[Exception in thread "task-2" org.springframework.jdbc.datasource.init.UncategorizedScriptException: Failed to execute database script from resource [URL [file:/C:/Users/Henrique/Downloads/Courses-admin/online-courses-admin/src/Online-Courses-Store-Admin/api-courses-store-admin/target/classes/data.sql]]; nested exception is java.lang.IllegalArgumentException: 'script' must not be null or empty
	at org.springframework.jdbc.datasource.init.ScriptUtils.executeSqlScript(ScriptUtils.java:645)
	at org.springframework.jdbc.datasource.init.ResourceDatabasePopulator.populate(ResourceDatabasePopulator.java:254)
	at org.springframework.jdbc.datasource.init.DatabasePopulatorUtils.execute(DatabasePopulatorUtils.java:49)
	at org.springframework.boot.autoconfigure.jdbc.DataSourceInitializer.runScripts(DataSourceInitializer.java:202)
	at org.springframework.boot.autoconfigure.jdbc.DataSourceInitializer.initSchema(DataSourceInitializer.java:119)
	at org.springframework.boot.autoconfigure.jdbc.DataSourceInitializerInvoker.onApplicationEvent(DataSourceInitializerInvoker.java:91)
	at org.springframework.boot.autoconfigure.jdbc.DataSourceInitializerInvoker.onApplicationEvent(DataSourceInitializerInvoker.java:38)
	at org.springframework.context.event.SimpleApplicationEventMulticaster.doInvokeListener(SimpleApplicationEventMulticaster.java:172)
	at org.springframework.context.event.SimpleApplicationEventMulticaster.invokeListener(SimpleApplicationEventMulticaster.java:165)
	at org.springframework.context.event.SimpleApplicationEventMulticaster.multicastEvent(SimpleApplicationEventMulticaster.java:139)
	at org.springframework.context.support.AbstractApplicationContext.publishEvent(AbstractApplicationContext.java:404)
	at org.springframework.context.support.AbstractApplicationContext.publishEvent(AbstractApplicationContext.java:361)
	at org.springframework.boot.autoconfigure.orm.jpa.DataSourceInitializedPublisher.publishEventIfRequired(DataSourceInitializedPublisher.java:99)
	at org.springframework.boot.autoconfigure.orm.jpa.DataSourceInitializedPublisher.access$100(DataSourceInitializedPublisher.java:50)
	at org.springframework.boot.autoconfigure.orm.jpa.DataSourceInitializedPublisher$DataSourceSchemaCreatedPublisher.lambda$postProcessEntityManagerFactory$0(DataSourceInitializedPublisher.java:200)
	at java.base/java.util.concurrent.ThreadPoolExecutor.runWorker(ThreadPoolExecutor.java:1128)
	at java.base/java.util.concurrent.ThreadPoolExecutor$Worker.run(ThreadPoolExecutor.java:628)
	at java.base/java.lang.Thread.run(Thread.java:834)
Caused by: java.lang.IllegalArgumentException: 'script' must not be null or empty
	at org.springframework.util.Assert.hasText(Assert.java:287)
	at org.springframework.jdbc.datasource.init.ScriptUtils.splitSqlScript(ScriptUtils.java:214)
	at org.springframework.jdbc.datasource.init.ScriptUtils.executeSqlScript(ScriptUtils.java:592)
	... 17 more
]]></system-err>
  </testcase>
</testsuite>