<?xml version="1.0" encoding="UTF-8"?>
<testsuite xmlns:xsi="http://www.w3.org/2001/XMLSchema-instance" xsi:noNamespaceSchemaLocation="https://maven.apache.org/surefire/maven-surefire-plugin/xsd/surefire-test-report.xsd" name="com.coursesstore.admin.adapters.http.customer.delete.DeleteCustomerControllerTest" time="3.19" tests="3" errors="2" skipped="0" failures="0">
  <properties>
[...]
</properties>
  <testcase name="Given_a_valid_Request_to_delete_a_Acquired_Course_by_Customer_When_its_requested_to_delete_the_Acquired_Course_Then_response_with_the_status_OK" classname="com.coursesstore.admin.adapters.http.customer.delete.DeleteCustomerControllerTest" time="0.137">
    <error message="Request processing failed; nested exception is org.springframework.dao.InvalidDataAccessResourceUsageException: could not prepare statement; SQL [SELECT * FROM TB_ACQUIRED_COURSE WHERE id_acquired_course = ?]; nested exception is org.hibernate.exception.SQLGrammarException: could not prepare statement" type="org.springframework.web.util.NestedServletException">org.springframework.web.util.NestedServletException: Request processing failed; nested exception is org.springframework.dao.InvalidDataAccessResourceUsageException: could not prepare statement; SQL [SELECT * FROM TB_ACQUIRED_COURSE WHERE id_acquired_course = ?]; nested exception is org.hibernate.exception.SQLGrammarException: could not prepare statement
	at com.coursesstore.admin.adapters.http.customer.delete.DeleteCustomerControllerTest.Given_a_valid_Request_to_delete_a_Acquired_Course_by_Customer_When_its_requested_to_delete_the_Acquired_Course_Then_response_with_the_status_OK(DeleteCustomerControllerTest.java:71)
Caused by: org.springframework.dao.InvalidDataAccessResourceUsageException: could not prepare statement; SQL [SELECT * FROM TB_ACQUIRED_COURSE WHERE id_acquired_course = ?]; nested exception is org.hibernate.exception.SQLGrammarException: could not prepare statement
	at com.coursesstore.admin.adapters.http.customer.delete.DeleteCustomerControllerTest.Given_a_valid_Request_to_delete_a_Acquired_Course_by_Customer_When_its_requested_to_delete_the_Acquired_Course_Then_response_with_the_status_OK(DeleteCustomerControllerTest.java:71)
Caused by: org.hibernate.exception.SQLGrammarException: could not prepare statement
	at com.coursesstore.admin.adapters.http.customer.delete.DeleteCustomerControllerTest.Given_a_valid_Request_to_delete_a_Acquired_Course_by_Customer_When_its_requested_to_delete_the_Acquired_Course_Then_response_with_the_status_OK(DeleteCustomerControllerTest.java:71)
Caused by: org.h2.jdbc.JdbcSQLSyntaxErrorException: 
Column "ID_ACQUIRED_COURSE" not found; SQL statement:
SELECT * FROM TB_ACQUIRED_COURSE WHERE id_acquired_course = ? [42122-200]
	at com.coursesstore.admin.adapters.http.customer.delete.DeleteCustomerControllerTest.Given_a_valid_Request_to_delete_a_Acquired_Course_by_Customer_When_its_requested_to_delete_the_Acquired_Course_Then_response_with_the_status_OK(DeleteCustomerControllerTest.java:71)
</error>
    <system-out><![CDATA[2021-04-21 12:41:00.945  INFO 17492 --- [           main] .b.t.c.SpringBootTestContextBootstrapper : Neither @ContextConfiguration nor @ContextHierarchy found for test class [com.coursesstore.admin.adapters.http.customer.delete.DeleteCustomerControllerTest], using SpringBootContextLoader
2021-04-21 12:41:00.946  INFO 17492 --- [           main] o.s.t.c.support.AbstractContextLoader    : Could not detect default resource locations for test class [com.coursesstore.admin.adapters.http.customer.delete.DeleteCustomerControllerTest]: no resource found for suffixes {-context.xml, Context.groovy}.
2021-04-21 12:41:00.947  INFO 17492 --- [           main] t.c.s.AnnotationConfigContextLoaderUtils : Could not detect default configuration classes for test class [com.coursesstore.admin.adapters.http.customer.delete.DeleteCustomerControllerTest]: DeleteCustomerControllerTest does not declare any static, non-private, non-final, nested classes annotated with @Configuration.
2021-04-21 12:41:00.978  INFO 17492 --- [           main] .b.t.c.SpringBootTestContextBootstrapper : Found @SpringBootConfiguration com.coursesstore.admin.Application for test class com.coursesstore.admin.adapters.http.customer.delete.DeleteCustomerControllerTest
2021-04-21 12:41:00.982  INFO 17492 --- [           main] .b.t.c.SpringBootTestContextBootstrapper : Loaded default TestExecutionListener class names from location [META-INF/spring.factories]: [org.springframework.boot.test.mock.mockito.MockitoTestExecutionListener, org.springframework.boot.test.mock.mockito.ResetMocksTestExecutionListener, org.springframework.boot.test.autoconfigure.restdocs.RestDocsTestExecutionListener, org.springframework.boot.test.autoconfigure.web.client.MockRestServiceServerResetTestExecutionListener, org.springframework.boot.test.autoconfigure.web.servlet.MockMvcPrintOnlyOnFailureTestExecutionListener, org.springframework.boot.test.autoconfigure.web.servlet.WebDriverTestExecutionListener, org.springframework.boot.test.autoconfigure.webservices.client.MockWebServiceServerTestExecutionListener, org.springframework.test.context.web.ServletTestExecutionListener, org.springframework.test.context.support.DirtiesContextBeforeModesTestExecutionListener, org.springframework.test.context.support.DependencyInjectionTestExecutionListener, org.springframework.test.context.support.DirtiesContextTestExecutionListener, org.springframework.test.context.transaction.TransactionalTestExecutionListener, org.springframework.test.context.jdbc.SqlScriptsTestExecutionListener, org.springframework.test.context.event.EventPublishingTestExecutionListener]
2021-04-21 12:41:00.984  INFO 17492 --- [           main] .b.t.c.SpringBootTestContextBootstrapper : Using TestExecutionListeners: [org.springframework.test.context.web.ServletTestExecutionListener@619b7436, org.springframework.test.context.support.DirtiesContextBeforeModesTestExecutionListener@6af0407c, org.springframework.boot.test.mock.mockito.MockitoTestExecutionListener@71c1ca1, org.springframework.boot.test.autoconfigure.SpringBootDependencyInjectionTestExecutionListener@20cf3ab3, org.springframework.test.context.support.DirtiesContextTestExecutionListener@1acfc058, org.springframework.test.context.transaction.TransactionalTestExecutionListener@725490dd, org.springframework.test.context.jdbc.SqlScriptsTestExecutionListener@15ca7322, org.springframework.test.context.event.EventPublishingTestExecutionListener@4c89c98a, org.springframework.boot.test.mock.mockito.ResetMocksTestExecutionListener@28200d43, org.springframework.boot.test.autoconfigure.restdocs.RestDocsTestExecutionListener@7e24a2e2, org.springframework.boot.test.autoconfigure.web.client.MockRestServiceServerResetTestExecutionListener@38318d67, org.springframework.boot.test.autoconfigure.web.servlet.MockMvcPrintOnlyOnFailureTestExecutionListener@3af6c672, org.springframework.boot.test.autoconfigure.web.servlet.WebDriverTestExecutionListener@12948e7a, org.springframework.boot.test.autoconfigure.webservices.client.MockWebServiceServerTestExecutionListener@497c1d78]

  .   ____          _            __ _ _
 /\\ / ___'_ __ _ _(_)_ __  __ _ \ \ \ \
( ( )\___ | '_ | '_| | '_ \/ _` | \ \ \ \
 \\/  ___)| |_)| | | | | || (_| |  ) ) ) )
  '  |____| .__|_| |_|_| |_\__, | / / / /
 =========|_|==============|___/=/_/_/_/
 :: Spring Boot ::        (v2.3.4.RELEASE)

2021-04-21 12:41:01.059  INFO 17492 --- [           main] c.a.a.h.c.d.DeleteCustomerControllerTest : Starting DeleteCustomerControllerTest on DESKTOP-GUVU8R0 with PID 17492 (started by Henrique in C:\Users\Henrique\Downloads\Courses-admin\online-courses-admin\src\Online-Courses-Store-Admin\api-courses-store-admin)
2021-04-21 12:41:01.060  INFO 17492 --- [           main] c.a.a.h.c.d.DeleteCustomerControllerTest : The following profiles are active: test
2021-04-21 12:41:01.768  INFO 17492 --- [           main] .s.d.r.c.RepositoryConfigurationDelegate : Bootstrapping Spring Data JPA repositories in DEFERRED mode.
2021-04-21 12:41:01.968  INFO 17492 --- [           main] .s.d.r.c.RepositoryConfigurationDelegate : Finished Spring Data repository scanning in 196ms. Found 5 JPA repository interfaces.
2021-04-21 12:41:02.245  INFO 17492 --- [           main] o.s.b.w.embedded.tomcat.TomcatWebServer  : Tomcat initialized with port(s): 8109 (http)
2021-04-21 12:41:02.247  INFO 17492 --- [           main] o.apache.catalina.core.StandardService   : Starting service [Tomcat]
2021-04-21 12:41:02.248  INFO 17492 --- [           main] org.apache.catalina.core.StandardEngine  : Starting Servlet engine: [Apache Tomcat/9.0.38]
2021-04-21 12:41:02.303  INFO 17492 --- [           main] o.a.c.c.C.[Tomcat-3].[localhost].[/]     : Initializing Spring embedded WebApplicationContext
2021-04-21 12:41:02.304  INFO 17492 --- [           main] w.s.c.ServletWebServerApplicationContext : Root WebApplicationContext: initialization completed in 1231 ms
2021-04-21 12:41:02.376  INFO 17492 --- [           main] com.zaxxer.hikari.HikariDataSource       : HikariPool-4 - Starting...
2021-04-21 12:41:02.380  INFO 17492 --- [           main] com.zaxxer.hikari.HikariDataSource       : HikariPool-4 - Start completed.
2021-04-21 12:41:02.380  INFO 17492 --- [           main] o.s.b.a.h2.H2ConsoleAutoConfiguration    : H2 console available at '/h2-console'. Database available at 'jdbc:h2:file:./db/testdb3'
2021-04-21 12:41:02.544  INFO 17492 --- [           main] o.s.s.concurrent.ThreadPoolTaskExecutor  : Initializing ExecutorService 'applicationTaskExecutor'
2021-04-21 12:41:02.648  INFO 17492 --- [         task-1] o.hibernate.jpa.internal.util.LogHelper  : HHH000204: Processing PersistenceUnitInfo [name: default]
2021-04-21 12:41:02.661  INFO 17492 --- [         task-1] org.hibernate.dialect.Dialect            : HHH000400: Using dialect: org.hibernate.dialect.H2Dialect
2021-04-21 12:41:02.711  WARN 17492 --- [         task-1] org.hibernate.mapping.RootClass          : HHH000038: Composite-id class does not override equals(): com.coursesstore.admin.adapters.database.course.acquired.model.AcquiredCourseKey
2021-04-21 12:41:02.713  WARN 17492 --- [         task-1] org.hibernate.mapping.RootClass          : HHH000039: Composite-id class does not override hashCode(): com.coursesstore.admin.adapters.database.course.acquired.model.AcquiredCourseKey
2021-04-21 12:41:02.716  WARN 17492 --- [         task-1] org.hibernate.mapping.RootClass          : HHH000038: Composite-id class does not override equals(): com.coursesstore.admin.adapters.database.course.acquired.model.AcquiredCourseKey
2021-04-21 12:41:02.717  WARN 17492 --- [         task-1] org.hibernate.mapping.RootClass          : HHH000039: Composite-id class does not override hashCode(): com.coursesstore.admin.adapters.database.course.acquired.model.AcquiredCourseKey
Hibernate: drop table if exists tb_acquired_course CASCADE 
Hibernate: drop table if exists tb_course CASCADE 
Hibernate: drop table if exists tb_customer CASCADE 
Hibernate: drop table if exists tb_desired_course CASCADE 
Hibernate: drop table if exists tb_teacher CASCADE 
Hibernate: create table tb_acquired_course (course_id varchar(255) not null, customer_id varchar(255) not null, acquisition_date date, value_paid decimal(19,2), primary key (course_id, customer_id))
Hibernate: create table tb_course (id_course varchar(255) not null, name varchar(255), original_value decimal(19,2), teacher_responsible_id_teacher varchar(255), primary key (id_course))
Hibernate: create table tb_customer (id_customer varchar(255) not null, company varchar(255), email varchar(255), firstname varchar(255), lastname varchar(255), linked_in varchar(255), phone varchar(255), position varchar(255), primary key (id_customer))
Hibernate: create table tb_desired_course (course_id varchar(255) not null, customer_id varchar(255) not null, desire_date date, desire_description varchar(255), primary key (course_id, customer_id))
Hibernate: create table tb_teacher (id_teacher varchar(255) not null, name varchar(255), primary key (id_teacher))
Hibernate: alter table tb_acquired_course add constraint FKs3fyd88psxii3tog9876xy022 foreign key (course_id) references tb_course
Hibernate: alter table tb_acquired_course add constraint FKnvildj8k8wmmesbx0p36jcaff foreign key (customer_id) references tb_customer
Hibernate: alter table tb_course add constraint FK5dp85c5gnp4xuqufk4xgrhbo5 foreign key (teacher_responsible_id_teacher) references tb_teacher
Hibernate: alter table tb_desired_course add constraint FKxxmmndv74y3hj7uij0mdpkuf foreign key (course_id) references tb_course
Hibernate: alter table tb_desired_course add constraint FKhat0udt6wu9k7osx9xxbdj9ld foreign key (customer_id) references tb_customer
2021-04-21 12:41:02.946  INFO 17492 --- [         task-1] o.h.e.t.j.p.i.JtaPlatformInitiator       : HHH000490: Using JtaPlatform implementation: [org.hibernate.engine.transaction.jta.platform.internal.NoJtaPlatform]
2021-04-21 12:41:02.947  INFO 17492 --- [         task-1] j.LocalContainerEntityManagerFactoryBean : Initialized JPA EntityManagerFactory for persistence unit 'default'
2021-04-21 12:41:02.991  WARN 17492 --- [           main] JpaBaseConfiguration$JpaWebConfiguration : spring.jpa.open-in-view is enabled by default. Therefore, database queries may be performed during view rendering. Explicitly configure spring.jpa.open-in-view to disable this warning
2021-04-21 12:41:03.676  INFO 17492 --- [           main] o.a.c.c.C.[Tomcat-3].[localhost].[/]     : Initializing Spring TestDispatcherServlet ''
2021-04-21 12:41:03.677  INFO 17492 --- [           main] o.s.t.web.servlet.TestDispatcherServlet  : Initializing Servlet ''
2021-04-21 12:41:03.697  INFO 17492 --- [           main] o.s.t.web.servlet.TestDispatcherServlet  : Completed initialization in 20 ms
2021-04-21 12:41:03.719  INFO 17492 --- [           main] o.s.b.w.embedded.tomcat.TomcatWebServer  : Tomcat started on port(s): 8109 (http) with context path ''
2021-04-21 12:41:03.721  INFO 17492 --- [           main] DeferredRepositoryInitializationListener : Triggering deferred initialization of Spring Data repositories…
2021-04-21 12:41:03.854  INFO 17492 --- [           main] DeferredRepositoryInitializationListener : Spring Data repositories initialized!
2021-04-21 12:41:03.858  INFO 17492 --- [           main] c.a.a.h.c.d.DeleteCustomerControllerTest : Started DeleteCustomerControllerTest in 2.868 seconds (JVM running for 31.628)
Hibernate: select customermo0_.id_customer as id_custo1_2_0_, customermo0_.company as company2_2_0_, customermo0_.email as email3_2_0_, customermo0_.firstname as firstnam4_2_0_, customermo0_.lastname as lastname5_2_0_, customermo0_.linked_in as linked_i6_2_0_, customermo0_.phone as phone7_2_0_, customermo0_.position as position8_2_0_ from tb_customer customermo0_ where customermo0_.id_customer=?
Hibernate: insert into tb_customer (company, email, firstname, lastname, linked_in, phone, position, id_customer) values (?, ?, ?, ?, ?, ?, ?, ?)
Hibernate: select customermo0_.id_customer as id_custo1_2_0_, customermo0_.company as company2_2_0_, customermo0_.email as email3_2_0_, customermo0_.firstname as firstnam4_2_0_, customermo0_.lastname as lastname5_2_0_, customermo0_.linked_in as linked_i6_2_0_, customermo0_.phone as phone7_2_0_, customermo0_.position as position8_2_0_ from tb_customer customermo0_ where customermo0_.id_customer=?
Hibernate: insert into tb_customer (company, email, firstname, lastname, linked_in, phone, position, id_customer) values (?, ?, ?, ?, ?, ?, ?, ?)
Hibernate: select teachermod0_.id_teacher as id_teach1_4_0_, teachermod0_.name as name2_4_0_ from tb_teacher teachermod0_ where teachermod0_.id_teacher=?
Hibernate: insert into tb_teacher (name, id_teacher) values (?, ?)
Hibernate: select coursemode0_.id_course as id_cours1_1_0_, coursemode0_.name as name2_1_0_, coursemode0_.original_value as original3_1_0_, coursemode0_.teacher_responsible_id_teacher as teacher_4_1_0_ from tb_course coursemode0_ where coursemode0_.id_course=?
Hibernate: select teachermod0_.id_teacher as id_teach1_4_0_, teachermod0_.name as name2_4_0_ from tb_teacher teachermod0_ where teachermod0_.id_teacher=?
Hibernate: insert into tb_course (name, original_value, teacher_responsible_id_teacher, id_course) values (?, ?, ?, ?)
Hibernate: select coursemode0_.id_course as id_cours1_1_0_, coursemode0_.name as name2_1_0_, coursemode0_.original_value as original3_1_0_, coursemode0_.teacher_responsible_id_teacher as teacher_4_1_0_ from tb_course coursemode0_ where coursemode0_.id_course=?
Hibernate: select teachermod0_.id_teacher as id_teach1_4_0_, teachermod0_.name as name2_4_0_ from tb_teacher teachermod0_ where teachermod0_.id_teacher=?
Hibernate: insert into tb_course (name, original_value, teacher_responsible_id_teacher, id_course) values (?, ?, ?, ?)
Hibernate: select acquiredco0_.course_id as course_i1_0_0_, acquiredco0_.customer_id as customer2_0_0_, acquiredco0_.acquisition_date as acquisit3_0_0_, acquiredco0_.value_paid as value_pa4_0_0_ from tb_acquired_course acquiredco0_ where acquiredco0_.course_id=? and acquiredco0_.customer_id=?
Hibernate: select coursemode0_.id_course as id_cours1_1_0_, coursemode0_.name as name2_1_0_, coursemode0_.original_value as original3_1_0_, coursemode0_.teacher_responsible_id_teacher as teacher_4_1_0_, teachermod1_.id_teacher as id_teach1_4_1_, teachermod1_.name as name2_4_1_ from tb_course coursemode0_ left outer join tb_teacher teachermod1_ on coursemode0_.teacher_responsible_id_teacher=teachermod1_.id_teacher where coursemode0_.id_course=?
Hibernate: select customermo0_.id_customer as id_custo1_2_0_, customermo0_.company as company2_2_0_, customermo0_.email as email3_2_0_, customermo0_.firstname as firstnam4_2_0_, customermo0_.lastname as lastname5_2_0_, customermo0_.linked_in as linked_i6_2_0_, customermo0_.phone as phone7_2_0_, customermo0_.position as position8_2_0_ from tb_customer customermo0_ where customermo0_.id_customer=?
Hibernate: insert into tb_acquired_course (acquisition_date, value_paid, course_id, customer_id) values (?, ?, ?, ?)
Hibernate: select desiredcou0_.course_id as course_i1_3_0_, desiredcou0_.customer_id as customer2_3_0_, desiredcou0_.desire_date as desire_d3_3_0_, desiredcou0_.desire_description as desire_d4_3_0_ from tb_desired_course desiredcou0_ where desiredcou0_.course_id=? and desiredcou0_.customer_id=?
Hibernate: select coursemode0_.id_course as id_cours1_1_0_, coursemode0_.name as name2_1_0_, coursemode0_.original_value as original3_1_0_, coursemode0_.teacher_responsible_id_teacher as teacher_4_1_0_, teachermod1_.id_teacher as id_teach1_4_1_, teachermod1_.name as name2_4_1_ from tb_course coursemode0_ left outer join tb_teacher teachermod1_ on coursemode0_.teacher_responsible_id_teacher=teachermod1_.id_teacher where coursemode0_.id_course=?
Hibernate: select customermo0_.id_customer as id_custo1_2_0_, customermo0_.company as company2_2_0_, customermo0_.email as email3_2_0_, customermo0_.firstname as firstnam4_2_0_, customermo0_.lastname as lastname5_2_0_, customermo0_.linked_in as linked_i6_2_0_, customermo0_.phone as phone7_2_0_, customermo0_.position as position8_2_0_ from tb_customer customermo0_ where customermo0_.id_customer=?
Hibernate: insert into tb_desired_course (desire_date, desire_description, course_id, customer_id) values (?, ?, ?, ?)
Hibernate: SELECT * FROM TB_ACQUIRED_COURSE WHERE id_acquired_course = ?
2021-04-21 12:41:03.964  WARN 17492 --- [           main] o.h.engine.jdbc.spi.SqlExceptionHelper   : SQL Error: 42122, SQLState: 42S22
2021-04-21 12:41:03.964 ERROR 17492 --- [           main] o.h.engine.jdbc.spi.SqlExceptionHelper   : Column "ID_ACQUIRED_COURSE" not found; SQL statement:
SELECT * FROM TB_ACQUIRED_COURSE WHERE id_acquired_course = ? [42122-200]
]]></system-out>
  </testcase>
  <testcase name="Given_a_valid_Request_to_delete_a_Desired_Course_by_Customer_When_its_requested_to_delete_the_Desired_Course_Then_response_with_the_status_OK" classname="com.coursesstore.admin.adapters.http.customer.delete.DeleteCustomerControllerTest" time="0.065">
    <error message="Request processing failed; nested exception is org.springframework.dao.InvalidDataAccessResourceUsageException: could not prepare statement; SQL [SELECT * FROM TB_DESIRED_COURSE WHERE id_desired_course = ?]; nested exception is org.hibernate.exception.SQLGrammarException: could not prepare statement" type="org.springframework.web.util.NestedServletException">org.springframework.web.util.NestedServletException: Request processing failed; nested exception is org.springframework.dao.InvalidDataAccessResourceUsageException: could not prepare statement; SQL [SELECT * FROM TB_DESIRED_COURSE WHERE id_desired_course = ?]; nested exception is org.hibernate.exception.SQLGrammarException: could not prepare statement
	at com.coursesstore.admin.adapters.http.customer.delete.DeleteCustomerControllerTest.Given_a_valid_Request_to_delete_a_Desired_Course_by_Customer_When_its_requested_to_delete_the_Desired_Course_Then_response_with_the_status_OK(DeleteCustomerControllerTest.java:85)
Caused by: org.springframework.dao.InvalidDataAccessResourceUsageException: could not prepare statement; SQL [SELECT * FROM TB_DESIRED_COURSE WHERE id_desired_course = ?]; nested exception is org.hibernate.exception.SQLGrammarException: could not prepare statement
	at com.coursesstore.admin.adapters.http.customer.delete.DeleteCustomerControllerTest.Given_a_valid_Request_to_delete_a_Desired_Course_by_Customer_When_its_requested_to_delete_the_Desired_Course_Then_response_with_the_status_OK(DeleteCustomerControllerTest.java:85)
Caused by: org.hibernate.exception.SQLGrammarException: could not prepare statement
	at com.coursesstore.admin.adapters.http.customer.delete.DeleteCustomerControllerTest.Given_a_valid_Request_to_delete_a_Desired_Course_by_Customer_When_its_requested_to_delete_the_Desired_Course_Then_response_with_the_status_OK(DeleteCustomerControllerTest.java:85)
Caused by: org.h2.jdbc.JdbcSQLSyntaxErrorException: 
Column "ID_DESIRED_COURSE" not found; SQL statement:
SELECT * FROM TB_DESIRED_COURSE WHERE id_desired_course = ? [42122-200]
	at com.coursesstore.admin.adapters.http.customer.delete.DeleteCustomerControllerTest.Given_a_valid_Request_to_delete_a_Desired_Course_by_Customer_When_its_requested_to_delete_the_Desired_Course_Then_response_with_the_status_OK(DeleteCustomerControllerTest.java:85)
</error>
    <system-out><![CDATA[Hibernate: select customermo0_.id_customer as id_custo1_2_0_, customermo0_.company as company2_2_0_, customermo0_.email as email3_2_0_, customermo0_.firstname as firstnam4_2_0_, customermo0_.lastname as lastname5_2_0_, customermo0_.linked_in as linked_i6_2_0_, customermo0_.phone as phone7_2_0_, customermo0_.position as position8_2_0_ from tb_customer customermo0_ where customermo0_.id_customer=?
Hibernate: insert into tb_customer (company, email, firstname, lastname, linked_in, phone, position, id_customer) values (?, ?, ?, ?, ?, ?, ?, ?)
Hibernate: select customermo0_.id_customer as id_custo1_2_0_, customermo0_.company as company2_2_0_, customermo0_.email as email3_2_0_, customermo0_.firstname as firstnam4_2_0_, customermo0_.lastname as lastname5_2_0_, customermo0_.linked_in as linked_i6_2_0_, customermo0_.phone as phone7_2_0_, customermo0_.position as position8_2_0_ from tb_customer customermo0_ where customermo0_.id_customer=?
Hibernate: insert into tb_customer (company, email, firstname, lastname, linked_in, phone, position, id_customer) values (?, ?, ?, ?, ?, ?, ?, ?)
Hibernate: select teachermod0_.id_teacher as id_teach1_4_0_, teachermod0_.name as name2_4_0_ from tb_teacher teachermod0_ where teachermod0_.id_teacher=?
Hibernate: insert into tb_teacher (name, id_teacher) values (?, ?)
Hibernate: select coursemode0_.id_course as id_cours1_1_0_, coursemode0_.name as name2_1_0_, coursemode0_.original_value as original3_1_0_, coursemode0_.teacher_responsible_id_teacher as teacher_4_1_0_ from tb_course coursemode0_ where coursemode0_.id_course=?
Hibernate: select teachermod0_.id_teacher as id_teach1_4_0_, teachermod0_.name as name2_4_0_ from tb_teacher teachermod0_ where teachermod0_.id_teacher=?
Hibernate: insert into tb_course (name, original_value, teacher_responsible_id_teacher, id_course) values (?, ?, ?, ?)
Hibernate: select coursemode0_.id_course as id_cours1_1_0_, coursemode0_.name as name2_1_0_, coursemode0_.original_value as original3_1_0_, coursemode0_.teacher_responsible_id_teacher as teacher_4_1_0_ from tb_course coursemode0_ where coursemode0_.id_course=?
Hibernate: select teachermod0_.id_teacher as id_teach1_4_0_, teachermod0_.name as name2_4_0_ from tb_teacher teachermod0_ where teachermod0_.id_teacher=?
Hibernate: insert into tb_course (name, original_value, teacher_responsible_id_teacher, id_course) values (?, ?, ?, ?)
Hibernate: select acquiredco0_.course_id as course_i1_0_0_, acquiredco0_.customer_id as customer2_0_0_, acquiredco0_.acquisition_date as acquisit3_0_0_, acquiredco0_.value_paid as value_pa4_0_0_ from tb_acquired_course acquiredco0_ where acquiredco0_.course_id=? and acquiredco0_.customer_id=?
Hibernate: select coursemode0_.id_course as id_cours1_1_0_, coursemode0_.name as name2_1_0_, coursemode0_.original_value as original3_1_0_, coursemode0_.teacher_responsible_id_teacher as teacher_4_1_0_, teachermod1_.id_teacher as id_teach1_4_1_, teachermod1_.name as name2_4_1_ from tb_course coursemode0_ left outer join tb_teacher teachermod1_ on coursemode0_.teacher_responsible_id_teacher=teachermod1_.id_teacher where coursemode0_.id_course=?
Hibernate: select customermo0_.id_customer as id_custo1_2_0_, customermo0_.company as company2_2_0_, customermo0_.email as email3_2_0_, customermo0_.firstname as firstnam4_2_0_, customermo0_.lastname as lastname5_2_0_, customermo0_.linked_in as linked_i6_2_0_, customermo0_.phone as phone7_2_0_, customermo0_.position as position8_2_0_ from tb_customer customermo0_ where customermo0_.id_customer=?
Hibernate: insert into tb_acquired_course (acquisition_date, value_paid, course_id, customer_id) values (?, ?, ?, ?)
Hibernate: select desiredcou0_.course_id as course_i1_3_0_, desiredcou0_.customer_id as customer2_3_0_, desiredcou0_.desire_date as desire_d3_3_0_, desiredcou0_.desire_description as desire_d4_3_0_ from tb_desired_course desiredcou0_ where desiredcou0_.course_id=? and desiredcou0_.customer_id=?
Hibernate: select coursemode0_.id_course as id_cours1_1_0_, coursemode0_.name as name2_1_0_, coursemode0_.original_value as original3_1_0_, coursemode0_.teacher_responsible_id_teacher as teacher_4_1_0_, teachermod1_.id_teacher as id_teach1_4_1_, teachermod1_.name as name2_4_1_ from tb_course coursemode0_ left outer join tb_teacher teachermod1_ on coursemode0_.teacher_responsible_id_teacher=teachermod1_.id_teacher where coursemode0_.id_course=?
Hibernate: select customermo0_.id_customer as id_custo1_2_0_, customermo0_.company as company2_2_0_, customermo0_.email as email3_2_0_, customermo0_.firstname as firstnam4_2_0_, customermo0_.lastname as lastname5_2_0_, customermo0_.linked_in as linked_i6_2_0_, customermo0_.phone as phone7_2_0_, customermo0_.position as position8_2_0_ from tb_customer customermo0_ where customermo0_.id_customer=?
Hibernate: insert into tb_desired_course (desire_date, desire_description, course_id, customer_id) values (?, ?, ?, ?)
Hibernate: SELECT * FROM TB_DESIRED_COURSE WHERE id_desired_course = ?
2021-04-21 12:41:04.017  WARN 17492 --- [           main] o.h.engine.jdbc.spi.SqlExceptionHelper   : SQL Error: 42122, SQLState: 42S22
2021-04-21 12:41:04.017 ERROR 17492 --- [           main] o.h.engine.jdbc.spi.SqlExceptionHelper   : Column "ID_DESIRED_COURSE" not found; SQL statement:
SELECT * FROM TB_DESIRED_COURSE WHERE id_desired_course = ? [42122-200]
]]></system-out>
  </testcase>
  <testcase name="Given_a_valid_Request_to_delete_a_Customer_When_its_requested_to_delete_a_Customer_Then_response_with_the_status_OK" classname="com.coursesstore.admin.adapters.http.customer.delete.DeleteCustomerControllerTest" time="0.077"/>
</testsuite>